2026-05-29T10:30:00-03:00 | DETALHE PATH: ./arquivos/endossos/2026-04/2 | busca_data=2026-04 | empresa=2
2026-05-29T10:30:00-03:00 | DEBUG SUMMARY: existeTerceirizado=0 | arquivos_count=0 | empresasSelecionadas=2
2026-05-29T10:30:04-03:00 | GERAL PATH: ./arquivos/endossos/2026-05 | busca_data=2026-05 | empresaSelecionadas=1
2026-05-29T10:30:04-03:00 | DEBUG SUMMARY: existeTerceirizado=0 | arquivos_count=1 | empresasSelecionadas=1
2026-05-29T10:30:10-03:00 | GERAL PATH: ./arquivos/endossos/2026-04 | busca_data=2026-04 | empresaSelecionadas=2
2026-05-29T10:30:10-03:00 | DEBUG SUMMARY: existeTerceirizado=0 | arquivos_count=1 | empresasSelecionadas=2
2026-05-29T10:30:14-03:00 | GERAL PATH: ./arquivos/endossos/2026-04 | busca_data=2026-04 | empresaSelecionadas=2
2026-05-29T10:30:14-03:00 | DEBUG SUMMARY: existeTerceirizado=0 | arquivos_count=1 | empresasSelecionadas=2
2026-05-29T10:33:59-03:00 | GERAL PATH: ./arquivos/endossos/2026-04 | busca_data=2026-04 | empresaSelecionadas=2
2026-05-29T10:33:59-03:00 | DEBUG SUMMARY: existeTerceirizado=0 | arquivos_count=1 | empresasSelecionadas=2
2026-05-29T10:34:03-03:00 | GERAL PATH: ./arquivos/endossos/2026-05 | busca_data=2026-05 | empresaSelecionadas=1
2026-05-29T10:34:03-03:00 | DEBUG SUMMARY: existeTerceirizado=0 | arquivos_count=1 | empresasSelecionadas=1
2026-05-29T10:34:11-03:00 | GERAL PATH: ./arquivos/endossos/2026-04 | busca_data=2026-04 | empresaSelecionadas=2
2026-05-29T10:34:11-03:00 | DEBUG SUMMARY: existeTerceirizado=0 | arquivos_count=1 | empresasSelecionadas=2
2026-05-29T10:34:13-03:00 | GERAL PATH: ./arquivos/endossos/2026-04 | busca_data=2026-04 | empresaSelecionadas=2
2026-05-29T10:34:13-03:00 | DEBUG SUMMARY: existeTerceirizado=0 | arquivos_count=1 | empresasSelecionadas=2
2026-05-29T10:34:17-03:00 | GERAL PATH: ./arquivos/endossos/2026-04 | busca_data=2026-04 | empresaSelecionadas=2
2026-05-29T10:34:17-03:00 | DEBUG SUMMARY: existeTerceirizado=0 | arquivos_count=1 | empresasSelecionadas=2
2026-05-29T10:35:35-03:00 | GERAL PATH: ./arquivos/endossos/2026-04 | busca_data=2026-04 | empresaSelecionadas=1
2026-05-29T10:35:35-03:00 | DEBUG SUMMARY: existeTerceirizado=0 | arquivos_count=1 | empresasSelecionadas=1
2026-05-29T10:35:44-03:00 | GERAL PATH: ./arquivos/endossos/2026-04 | busca_data=2026-04 | empresaSelecionadas=1
2026-05-29T10:35:44-03:00 | DEBUG SUMMARY: existeTerceirizado=0 | arquivos_count=1 | empresasSelecionadas=1
2026-05-29T10:35:46-03:00 | GERAL PATH: ./arquivos/endossos/2026-04 | busca_data=2026-04 | empresaSelecionadas=1
2026-05-29T10:35:46-03:00 | DEBUG SUMMARY: existeTerceirizado=0 | arquivos_count=1 | empresasSelecionadas=1
2026-05-29T10:35:48-03:00 | DETALHE PATH: ./arquivos/endossos/2026-04/1 | busca_data=2026-04 | empresa=1
2026-05-29T10:35:53-03:00 | DEBUG SUMMARY: existeTerceirizado=0 | arquivos_count=230 | empresasSelecionadas=1
2026-05-29T10:38:20-03:00 | GERAL PATH: ./arquivos/endossos/2026-05 | busca_data=2026-05 | empresaSelecionadas=1
2026-05-29T10:38:20-03:00 | DEBUG SUMMARY: existeTerceirizado=0 | arquivos_count=1 | empresasSelecionadas=1
2026-05-29T10:38:31-03:00 | GERAL PATH: ./arquivos/endossos/2026-04 | busca_data=2026-04 | empresaSelecionadas=1
2026-05-29T10:38:31-03:00 | DEBUG SUMMARY: existeTerceirizado=0 | arquivos_count=1 | empresasSelecionadas=1
2026-05-29T10:38:33-03:00 | GERAL PATH: ./arquivos/endossos/2026-04 | busca_data=2026-04 | empresaSelecionadas=1
2026-05-29T10:38:33-03:00 | DEBUG SUMMARY: existeTerceirizado=0 | arquivos_count=1 | empresasSelecionadas=1
2026-05-29T10:38:35-03:00 | DETALHE PATH: ./arquivos/endossos/2026-04/1 | busca_data=2026-04 | empresa=1
2026-05-29T10:38:40-03:00 | DEBUG SUMMARY: existeTerceirizado=0 | arquivos_count=230 | empresasSelecionadas=1
2026-05-29T10:40:04-03:00 | GERAL PATH: ./arquivos/endossos/2026-05 | busca_data=2026-05 | empresaSelecionadas=1
2026-05-29T10:40:04-03:00 | DEBUG SUMMARY: existeTerceirizado=0 | arquivos_count=1 | empresasSelecionadas=1
2026-05-29T10:40:14-03:00 | GERAL PATH: ./arquivos/endossos/2026-05 | busca_data=2026-05 | empresaSelecionadas=1
2026-05-29T10:40:14-03:00 | DEBUG SUMMARY: existeTerceirizado=0 | arquivos_count=1 | empresasSelecionadas=1
2026-05-29T10:40:18-03:00 | GERAL PATH: ./arquivos/endossos/2026-05 | busca_data=2026-05 | empresaSelecionadas=1
2026-05-29T10:40:18-03:00 | DEBUG SUMMARY: existeTerceirizado=0 | arquivos_count=1 | empresasSelecionadas=1
2026-05-29T10:41:43-03:00 | GERAL PATH: ./arquivos/endossos/2026-05 | busca_data=2026-05 | empresaSelecionadas=1
2026-05-29T10:41:43-03:00 | DEBUG SUMMARY: existeTerceirizado=0 | arquivos_count=1 | empresasSelecionadas=1
2026-05-29T10:41:50-03:00 | DETALHE PATH: ./arquivos/endossos/2026-05/1 | busca_data=2026-05 | empresa=1
2026-05-29T10:41:55-03:00 | DEBUG SUMMARY: existeTerceirizado=0 | arquivos_count=231 | empresasSelecionadas=1
2026-05-29T10:42:17-03:00 | GERAL PATH: ./arquivos/endossos/2026-05 | busca_data=2026-05 | empresaSelecionadas=1
2026-05-29T10:42:17-03:00 | DEBUG SUMMARY: existeTerceirizado=0 | arquivos_count=1 | empresasSelecionadas=1
2026-05-29T10:42:20-03:00 | GERAL PATH: ./arquivos/endossos/2026-05 | busca_data=2026-05 | empresaSelecionadas=2,1
2026-05-29T10:42:20-03:00 | DEBUG SUMMARY: existeTerceirizado=0 | arquivos_count=2 | empresasSelecionadas=2,1
2026-05-29T10:42:25-03:00 | GERAL PATH: ./arquivos/endossos/2026-05 | busca_data=2026-05 | empresaSelecionadas=2,15,1
2026-05-29T10:42:25-03:00 | DEBUG SUMMARY: existeTerceirizado=0 | arquivos_count=3 | empresasSelecionadas=2,15,1
2026-05-29T10:44:55-03:00 | GERAL PATH: ./arquivos/endossos/2026-05 | busca_data=2026-05 | empresaSelecionadas=1
2026-05-29T10:44:56-03:00 | DEBUG SUMMARY: existeTerceirizado=0 | arquivos_count=1 | empresasSelecionadas=1
2026-05-29T10:45:04-03:00 | GERAL PATH: ./arquivos/endossos/2026-05 | busca_data=2026-05 | empresaSelecionadas=2
2026-05-29T10:45:04-03:00 | DEBUG SUMMARY: existeTerceirizado=0 | arquivos_count=1 | empresasSelecionadas=2
2026-05-29T10:45:15-03:00 | GERAL PATH: ./arquivos/endossos/2026-04 | busca_data=2026-04 | empresaSelecionadas=2
2026-05-29T10:45:15-03:00 | DEBUG SUMMARY: existeTerceirizado=0 | arquivos_count=1 | empresasSelecionadas=2
2026-05-29T10:47:45-03:00 | GERAL PATH: ./arquivos/endossos/2026-05 | busca_data=2026-05 | empresaSelecionadas=1
2026-05-29T10:47:45-03:00 | DEBUG SUMMARY: existeTerceirizado=0 | arquivos_count=1 | empresasSelecionadas=1
2026-05-29T10:47:54-03:00 | GERAL PATH: ./arquivos/endossos/2026-04 | busca_data=2026-04 | empresaSelecionadas=2
2026-05-29T10:47:54-03:00 | DEBUG SUMMARY: existeTerceirizado=0 | arquivos_count=1 | empresasSelecionadas=2
2026-05-29T10:47:58-03:00 | GERAL PATH: ./arquivos/endossos/2026-04 | busca_data=2026-04 | empresaSelecionadas=2
2026-05-29T10:47:58-03:00 | DEBUG SUMMARY: existeTerceirizado=0 | arquivos_count=1 | empresasSelecionadas=2
2026-05-29T10:48:01-03:00 | DETALHE PATH: ./arquivos/endossos/2026-04/2 | busca_data=2026-04 | empresa=2
2026-05-29T10:48:01-03:00 | DEBUG SUMMARY: existeTerceirizado=0 | arquivos_count=0 | empresasSelecionadas=2
2026-05-29T10:49:19-03:00 | GERAL PATH: ./arquivos/endossos/2026-05 | busca_data=2026-05 | empresaSelecionadas=1
2026-05-29T10:49:19-03:00 | DEBUG SUMMARY: existeTerceirizado=0 | arquivos_count=1 | empresasSelecionadas=1
2026-05-29T10:49:27-03:00 | GERAL PATH: ./arquivos/endossos/2026-04 | busca_data=2026-04 | empresaSelecionadas=2
2026-05-29T10:49:27-03:00 | DEBUG SUMMARY: existeTerceirizado=0 | arquivos_count=1 | empresasSelecionadas=2
2026-05-29T10:49:30-03:00 | GERAL PATH: ./arquivos/endossos/2026-04 | busca_data=2026-04 | empresaSelecionadas=2
2026-05-29T10:49:30-03:00 | DEBUG SUMMARY: existeTerceirizado=0 | arquivos_count=1 | empresasSelecionadas=2
2026-05-29T10:52:25-03:00 | GERAL PATH: ./arquivos/endossos/2026-04 | busca_data=2026-04 | empresaSelecionadas=2
2026-05-29T10:52:25-03:00 | DEBUG SUMMARY: existeTerceirizado=0 | arquivos_count=1 | empresasSelecionadas=2
2026-05-29T10:52:31-03:00 | GERAL PATH: ./arquivos/endossos/2026-05 | busca_data=2026-05 | empresaSelecionadas=1
2026-05-29T10:52:31-03:00 | DEBUG SUMMARY: existeTerceirizado=0 | arquivos_count=1 | empresasSelecionadas=1
2026-05-29T10:52:38-03:00 | GERAL PATH: ./arquivos/endossos/2026-04 | busca_data=2026-04 | empresaSelecionadas=2
2026-05-29T10:52:38-03:00 | DEBUG SUMMARY: existeTerceirizado=0 | arquivos_count=1 | empresasSelecionadas=2
2026-05-29T10:52:45-03:00 | GERAL PATH: ./arquivos/endossos/2026-04 | busca_data=2026-04 | empresaSelecionadas=2
2026-05-29T10:52:45-03:00 | DEBUG SUMMARY: existeTerceirizado=0 | arquivos_count=1 | empresasSelecionadas=2
